[:08-09_19-22-12][:00000001] LAUNCH logger log/cs.log
[:08-09_19-22-12][:00000002] LAUNCH snlua bootstrap
[:08-09_19-22-12][:00000002] mkdir err /home/nucleus-h7/log/ Msg: No such file or directory
[:08-09_19-22-12][:00000002] mkdir err /home/nucleus-h7/log/dev_cs Msg: No such file or directory
[:08-09_19-22-12][:00000003] LAUNCH snlua launcher
[:08-09_19-22-12][:00000003] mkdir err /home/nucleus-h7/log/ Msg: No such file or directory
[:08-09_19-22-12][:00000003] mkdir err /home/nucleus-h7/log/dev_cs Msg: No such file or directory
[:08-09_19-22-12][:00000004] LAUNCH snlua cdummy
[:08-09_19-22-12][:00000004] mkdir err /home/nucleus-h7/log/ Msg: No such file or directory
[:08-09_19-22-12][:00000004] mkdir err /home/nucleus-h7/log/dev_cs Msg: No such file or directory
[:08-09_19-22-12][:00000005] LAUNCH harbor 0 4
[:08-09_19-22-12][:00000006] LAUNCH snlua datacenterd
[:08-09_19-22-12][:00000006] mkdir err /home/nucleus-h7/log/ Msg: No such file or directory
[:08-09_19-22-12][:00000006] mkdir err /home/nucleus-h7/log/dev_cs Msg: No such file or directory
[:08-09_19-22-12][:00000007] LAUNCH snlua service_mgr
[:08-09_19-22-12][:00000007] mkdir err /home/nucleus-h7/log/ Msg: No such file or directory
[:08-09_19-22-12][:00000007] mkdir err /home/nucleus-h7/log/dev_cs Msg: No such file or directory
[:08-09_19-22-12][:00000008] LAUNCH snlua cs_launcher
[:08-09_19-22-12][:00000008] mkdir err /home/nucleus-h7/log/ Msg: No such file or directory
[:08-09_19-22-12][:00000008] mkdir err /home/nucleus-h7/log/dev_cs Msg: No such file or directory
[:08-09_19-22-12][:00000008] [INFO] cs start
[:08-09_19-22-12][:00000009] LAUNCH snlua debug_console 10001
[:08-09_19-22-12][:00000009] mkdir err /home/nucleus-h7/log/ Msg: No such file or directory
[:08-09_19-22-12][:00000009] mkdir err /home/nucleus-h7/log/dev_cs Msg: No such file or directory
[:08-09_19-22-12][:00000009] Start debug console at 127.0.0.1 10001
[:08-09_19-22-12][:0000000a] LAUNCH snlua res
[:08-09_19-22-12][:0000000a] mkdir err /home/nucleus-h7/log/ Msg: No such file or directory
[:08-09_19-22-12][:0000000a] mkdir err /home/nucleus-h7/log/dev_cs Msg: No such file or directory
[:08-09_19-22-12][:0000000b] LAUNCH snlua sharedatad
[:08-09_19-22-12][:0000000b] mkdir err /home/nucleus-h7/log/ Msg: No such file or directory
[:08-09_19-22-12][:0000000b] mkdir err /home/nucleus-h7/log/dev_cs Msg: No such file or directory
[:08-09_19-22-12][:0000000b] Memory warning 32.00 M
[:08-09_19-22-13][:0000000a] [INFO] res service booted
[:08-09_19-22-13][:0000000c] LAUNCH snlua rt_monitor
[:08-09_19-22-13][:0000000c] mkdir err /home/nucleus-h7/log/ Msg: No such file or directory
[:08-09_19-22-13][:0000000c] mkdir err /home/nucleus-h7/log/dev_cs Msg: No such file or directory
[:08-09_19-22-13][:0000000c] [INFO] rt_monitor service booted
[:08-09_19-22-13][:0000000d] LAUNCH snlua mem_monitor
[:08-09_19-22-13][:0000000d] mkdir err /home/nucleus-h7/log/ Msg: No such file or directory
[:08-09_19-22-13][:0000000d] mkdir err /home/nucleus-h7/log/dev_cs Msg: No such file or directory
[:08-09_19-22-13][:0000000d] [INFO] mem_monitor service booted
[:08-09_19-22-13][:0000000e] LAUNCH snlua dictator
[:08-09_19-22-13][:0000000e] mkdir err /home/nucleus-h7/log/ Msg: No such file or directory
[:08-09_19-22-13][:0000000e] mkdir err /home/nucleus-h7/log/dev_cs Msg: No such file or directory
[:08-09_19-22-13][:0000000e] start dictator at 127.0.0.1 10002
[:08-09_19-22-13][:0000000e] [INFO] dictator service booted
[:08-09_19-22-13][:0000000f] LAUNCH snlua router_s 1
[:08-09_19-22-13][:0000000f] mkdir err /home/nucleus-h7/log/ Msg: No such file or directory
[:08-09_19-22-13][:0000000f] mkdir err /home/nucleus-h7/log/dev_cs Msg: No such file or directory
[:08-09_19-22-13][:00000010] LAUNCH zinc_gate S :0000000f 10010 13 10000 0
[:08-09_19-22-13][:0000000f] [INFO] router_s service booted
[:08-09_19-22-13][:00000011] LAUNCH snlua router_s 2
[:08-09_19-22-13][:00000011] mkdir err /home/nucleus-h7/log/ Msg: No such file or directory
[:08-09_19-22-13][:00000011] mkdir err /home/nucleus-h7/log/dev_cs Msg: No such file or directory
[:08-09_19-22-13][:00000012] LAUNCH zinc_gate S :00000011 10011 13 10000 0
[:08-09_19-22-13][:00000011] [INFO] router_s service booted
[:08-09_19-22-13][:00000013] LAUNCH snlua router_s 3
[:08-09_19-22-13][:00000013] mkdir err /home/nucleus-h7/log/ Msg: No such file or directory
[:08-09_19-22-13][:00000013] mkdir err /home/nucleus-h7/log/dev_cs Msg: No such file or directory
[:08-09_19-22-13][:00000014] LAUNCH zinc_gate S :00000013 10012 13 10000 0
[:08-09_19-22-13][:00000013] [INFO] router_s service booted
[:08-09_19-22-13][:00000015] LAUNCH snlua router_s 4
[:08-09_19-22-13][:00000015] mkdir err /home/nucleus-h7/log/ Msg: No such file or directory
[:08-09_19-22-13][:00000015] mkdir err /home/nucleus-h7/log/dev_cs Msg: No such file or directory
[:08-09_19-22-13][:00000016] LAUNCH zinc_gate S :00000015 10013 13 10000 0
[:08-09_19-22-13][:00000015] [INFO] router_s service booted
[:08-09_19-22-13][:00000017] LAUNCH snlua router_c
[:08-09_19-22-13][:00000017] mkdir err /home/nucleus-h7/log/ Msg: No such file or directory
[:08-09_19-22-13][:00000017] mkdir err /home/nucleus-h7/log/dev_cs Msg: No such file or directory
[:08-09_19-22-13][:00000017] [INFO] router_c service booted
[:08-09_19-22-13][:00000018] LAUNCH snlua webrouter
[:08-09_19-22-13][:00000018] mkdir err /home/nucleus-h7/log/ Msg: No such file or directory
[:08-09_19-22-13][:00000018] mkdir err /home/nucleus-h7/log/dev_cs Msg: No such file or directory
[:08-09_19-22-13][:00000019] LAUNCH snlua webhandler
[:08-09_19-22-13][:00000019] mkdir err /home/nucleus-h7/log/ Msg: No such file or directory
[:08-09_19-22-13][:00000019] mkdir err /home/nucleus-h7/log/dev_cs Msg: No such file or directory
[:08-09_19-22-13][:00000019] [INFO] webhandler service booted
[:08-09_19-22-13][:0000001a] LAUNCH snlua webhandler
[:08-09_19-22-13][:0000001a] mkdir err /home/nucleus-h7/log/ Msg: No such file or directory
[:08-09_19-22-13][:0000001a] mkdir err /home/nucleus-h7/log/dev_cs Msg: No such file or directory
[:08-09_19-22-13][:0000001a] [INFO] webhandler service booted
[:08-09_19-22-13][:0000001b] LAUNCH snlua webhandler
[:08-09_19-22-13][:0000001b] mkdir err /home/nucleus-h7/log/ Msg: No such file or directory
[:08-09_19-22-13][:0000001b] mkdir err /home/nucleus-h7/log/dev_cs Msg: No such file or directory
[:08-09_19-22-13][:0000001b] [INFO] webhandler service booted
[:08-09_19-22-13][:0000001c] LAUNCH snlua webhandler
[:08-09_19-22-13][:0000001c] mkdir err /home/nucleus-h7/log/ Msg: No such file or directory
[:08-09_19-22-13][:0000001c] mkdir err /home/nucleus-h7/log/dev_cs Msg: No such file or directory
[:08-09_19-22-13][:0000001c] [INFO] webhandler service booted
[:08-09_19-22-13][:0000001d] LAUNCH snlua webhandler
[:08-09_19-22-13][:0000001d] mkdir err /home/nucleus-h7/log/ Msg: No such file or directory
[:08-09_19-22-13][:0000001d] mkdir err /home/nucleus-h7/log/dev_cs Msg: No such file or directory
[:08-09_19-22-13][:0000001d] [INFO] webhandler service booted
[:08-09_19-22-13][:0000001e] LAUNCH snlua webhandler
[:08-09_19-22-13][:0000001e] mkdir err /home/nucleus-h7/log/ Msg: No such file or directory
[:08-09_19-22-13][:0000001e] mkdir err /home/nucleus-h7/log/dev_cs Msg: No such file or directory
[:08-09_19-22-13][:0000001e] [INFO] webhandler service booted
[:08-09_19-22-13][:0000001f] LAUNCH snlua webhandler
[:08-09_19-22-13][:0000001f] mkdir err /home/nucleus-h7/log/ Msg: No such file or directory
[:08-09_19-22-13][:0000001f] mkdir err /home/nucleus-h7/log/dev_cs Msg: No such file or directory
[:08-09_19-22-13][:0000001f] [INFO] webhandler service booted
[:08-09_19-22-13][:00000020] LAUNCH snlua webhandler
[:08-09_19-22-13][:00000020] mkdir err /home/nucleus-h7/log/ Msg: No such file or directory
[:08-09_19-22-13][:00000020] mkdir err /home/nucleus-h7/log/dev_cs Msg: No such file or directory
[:08-09_19-22-13][:00000020] [INFO] webhandler service booted
[:08-09_19-22-13][:00000021] LAUNCH snlua webhandler
[:08-09_19-22-13][:00000021] mkdir err /home/nucleus-h7/log/ Msg: No such file or directory
[:08-09_19-22-13][:00000021] mkdir err /home/nucleus-h7/log/dev_cs Msg: No such file or directory
[:08-09_19-22-13][:00000021] [INFO] webhandler service booted
[:08-09_19-22-13][:00000022] LAUNCH snlua webhandler
[:08-09_19-22-13][:00000022] mkdir err /home/nucleus-h7/log/ Msg: No such file or directory
[:08-09_19-22-13][:00000022] mkdir err /home/nucleus-h7/log/dev_cs Msg: No such file or directory
[:08-09_19-22-13][:00000022] [INFO] webhandler service booted
[:08-09_19-22-13][:00000018] [INFO] webrouter listen web port 10003
[:08-09_19-22-13][:00000018] [INFO] webrouter service booted
[:08-09_19-22-13][:00000023] LAUNCH snlua gamedb 1
[:08-09_19-22-13][:00000023] mkdir err /home/nucleus-h7/log/ Msg: No such file or directory
[:08-09_19-22-13][:00000023] mkdir err /home/nucleus-h7/log/dev_cs Msg: No such file or directory
[:08-09_19-22-13][:00000023] [INFO] gamedb service booted
[:08-09_19-22-13][:00000024] LAUNCH snlua gamedb 2
[:08-09_19-22-13][:00000024] mkdir err /home/nucleus-h7/log/ Msg: No such file or directory
[:08-09_19-22-13][:00000024] mkdir err /home/nucleus-h7/log/dev_cs Msg: No such file or directory
[:08-09_19-22-13][:00000024] [INFO] gamedb service booted
[:08-09_19-22-13][:00000025] LAUNCH snlua gamedb 3
[:08-09_19-22-13][:00000025] mkdir err /home/nucleus-h7/log/ Msg: No such file or directory
[:08-09_19-22-13][:00000025] mkdir err /home/nucleus-h7/log/dev_cs Msg: No such file or directory
[:08-09_19-22-13][:00000025] [INFO] gamedb service booted
[:08-09_19-22-13][:00000026] LAUNCH snlua gamedb 4
[:08-09_19-22-13][:00000026] mkdir err /home/nucleus-h7/log/ Msg: No such file or directory
[:08-09_19-22-13][:00000026] mkdir err /home/nucleus-h7/log/dev_cs Msg: No such file or directory
[:08-09_19-22-13][:00000026] [INFO] gamedb service booted
[:08-09_19-22-13][:00000027] LAUNCH snlua logdb
[:08-09_19-22-13][:00000027] mkdir err /home/nucleus-h7/log/ Msg: No such file or directory
[:08-09_19-22-13][:00000027] mkdir err /home/nucleus-h7/log/dev_cs Msg: No such file or directory
[:08-09_19-22-13][:00000027] [INFO] logdb service booted
[:08-09_19-22-13][:00000028] LAUNCH snlua serversetter
[:08-09_19-22-13][:00000028] mkdir err /home/nucleus-h7/log/ Msg: No such file or directory
[:08-09_19-22-13][:00000028] mkdir err /home/nucleus-h7/log/dev_cs Msg: No such file or directory
[:08-09_19-22-13][:00000028] [INFO] serversetter service booted
[:08-09_19-22-13][:00000029] LAUNCH snlua idsupply
[:08-09_19-22-13][:00000029] mkdir err /home/nucleus-h7/log/ Msg: No such file or directory
[:08-09_19-22-13][:00000029] mkdir err /home/nucleus-h7/log/dev_cs Msg: No such file or directory
[:08-09_19-22-13][:00000029] [INFO] idsupply service booted
[:08-09_19-22-13][:0000002a] LAUNCH snlua loginverify 1
[:08-09_19-22-13][:0000002a] mkdir err /home/nucleus-h7/log/ Msg: No such file or directory
[:08-09_19-22-13][:0000002a] mkdir err /home/nucleus-h7/log/dev_cs Msg: No such file or directory
[:08-09_19-22-13][:0000002a] [INFO] loginverify service booted
[:08-09_19-22-13][:0000002b] LAUNCH snlua loginverify 2
[:08-09_19-22-13][:0000002b] mkdir err /home/nucleus-h7/log/ Msg: No such file or directory
[:08-09_19-22-13][:0000002b] mkdir err /home/nucleus-h7/log/dev_cs Msg: No such file or directory
[:08-09_19-22-13][:0000002b] [INFO] loginverify service booted
[:08-09_19-22-13][:0000002c] LAUNCH snlua loginverify 3
[:08-09_19-22-13][:0000002c] mkdir err /home/nucleus-h7/log/ Msg: No such file or directory
[:08-09_19-22-13][:0000002c] mkdir err /home/nucleus-h7/log/dev_cs Msg: No such file or directory
[:08-09_19-22-13][:0000002c] [INFO] loginverify service booted
[:08-09_19-22-13][:0000002d] LAUNCH snlua loginverify 4
[:08-09_19-22-13][:0000002d] mkdir err /home/nucleus-h7/log/ Msg: No such file or directory
[:08-09_19-22-13][:0000002d] mkdir err /home/nucleus-h7/log/dev_cs Msg: No such file or directory
[:08-09_19-22-13][:0000002d] [INFO] loginverify service booted
[:08-09_19-22-13][:0000002e] LAUNCH snlua datacenter
[:08-09_19-22-13][:0000002e] mkdir err /home/nucleus-h7/log/ Msg: No such file or directory
[:08-09_19-22-13][:0000002e] mkdir err /home/nucleus-h7/log/dev_cs Msg: No such file or directory
[:08-09_19-22-13][:0000002e] [INFO] datacenter service booted
[:08-09_19-22-13][:0000002f] LAUNCH snlua logfile
[:08-09_19-22-13][:0000002f] mkdir err /home/nucleus-h7/log/ Msg: No such file or directory
[:08-09_19-22-13][:0000002f] mkdir err /home/nucleus-h7/log/dev_cs Msg: No such file or directory
[:08-09_19-22-13][:0000002f] [INFO] logfile service booted
[:08-09_19-22-13][:00000030] LAUNCH snlua logmonitor
[:08-09_19-22-13][:00000030] mkdir err /home/nucleus-h7/log/ Msg: No such file or directory
[:08-09_19-22-13][:00000030] mkdir err /home/nucleus-h7/log/dev_cs Msg: No such file or directory
[:08-09_19-22-13][:00000030] [INFO] logmonitor service booted
[:08-09_19-22-13][:00000031] LAUNCH snlua redeemcode
[:08-09_19-22-13][:00000031] mkdir err /home/nucleus-h7/log/ Msg: No such file or directory
[:08-09_19-22-13][:00000031] mkdir err /home/nucleus-h7/log/dev_cs Msg: No such file or directory
[:08-09_19-22-13][:00000031] [INFO] redeemcode service booted
[:08-09_19-22-13][:00000032] LAUNCH snlua qrcode 10004
[:08-09_19-22-13][:00000032] mkdir err /home/nucleus-h7/log/ Msg: No such file or directory
[:08-09_19-22-13][:00000032] mkdir err /home/nucleus-h7/log/dev_cs Msg: No such file or directory
[:08-09_19-22-13][:00000033] LAUNCH zinc_gate S :00000032 10004 13 10000 -2271245531232191831
[:08-09_19-22-13][:00000032] [INFO] qrcode service booted
[:08-09_19-22-13][:00000034] LAUNCH snlua qrcode 10005
[:08-09_19-22-13][:00000034] mkdir err /home/nucleus-h7/log/ Msg: No such file or directory
[:08-09_19-22-13][:00000034] mkdir err /home/nucleus-h7/log/dev_cs Msg: No such file or directory
[:08-09_19-22-13][:00000035] LAUNCH zinc_gate S :00000034 10005 13 10000 -2271245531232191831
[:08-09_19-22-13][:00000034] [INFO] qrcode service booted
[:08-09_19-22-13][:00000036] LAUNCH snlua qrcode 10006
[:08-09_19-22-13][:00000036] mkdir err /home/nucleus-h7/log/ Msg: No such file or directory
[:08-09_19-22-13][:00000036] mkdir err /home/nucleus-h7/log/dev_cs Msg: No such file or directory
[:08-09_19-22-13][:00000037] LAUNCH zinc_gate S :00000036 10006 13 10000 -2271245531232191831
[:08-09_19-22-13][:00000036] [INFO] qrcode service booted
[:08-09_19-22-13][:00000038] LAUNCH snlua qrcode 10007
[:08-09_19-22-13][:00000038] mkdir err /home/nucleus-h7/log/ Msg: No such file or directory
[:08-09_19-22-13][:00000038] mkdir err /home/nucleus-h7/log/dev_cs Msg: No such file or directory
[:08-09_19-22-14][:00000039] LAUNCH zinc_gate S :00000038 10007 13 10000 -2271245531232191831
[:08-09_19-22-14][:00000038] [INFO] qrcode service booted
[:08-09_19-22-14][:0000003a] LAUNCH snlua qrcode 10008
[:08-09_19-22-14][:0000003a] mkdir err /home/nucleus-h7/log/ Msg: No such file or directory
[:08-09_19-22-14][:0000003a] mkdir err /home/nucleus-h7/log/dev_cs Msg: No such file or directory
[:08-09_19-22-14][:0000003b] LAUNCH zinc_gate S :0000003a 10008 13 10000 -2271245531232191831
[:08-09_19-22-14][:0000003a] [INFO] qrcode service booted
[:08-09_19-22-14][:0000003c] LAUNCH snlua qrcode 10009
[:08-09_19-22-14][:0000003c] mkdir err /home/nucleus-h7/log/ Msg: No such file or directory
[:08-09_19-22-14][:0000003c] mkdir err /home/nucleus-h7/log/dev_cs Msg: No such file or directory
[:08-09_19-22-14][:0000003d] LAUNCH zinc_gate S :0000003c 10009 13 10000 -2271245531232191831
[:08-09_19-22-14][:0000003c] [INFO] qrcode service booted
[:08-09_19-22-14][:0000003e] LAUNCH snlua pay 1
[:08-09_19-22-14][:0000003e] mkdir err /home/nucleus-h7/log/ Msg: No such file or directory
[:08-09_19-22-14][:0000003e] mkdir err /home/nucleus-h7/log/dev_cs Msg: No such file or directory
[:08-09_19-22-14][:0000003e] [INFO] pay service booted
[:08-09_19-22-14][:0000003f] LAUNCH snlua pay 2
[:08-09_19-22-14][:0000003f] mkdir err /home/nucleus-h7/log/ Msg: No such file or directory
[:08-09_19-22-14][:0000003f] mkdir err /home/nucleus-h7/log/dev_cs Msg: No such file or directory
[:08-09_19-22-14][:0000003f] [INFO] pay service booted
[:08-09_19-22-14][:00000040] LAUNCH snlua pay 3
[:08-09_19-22-14][:00000040] mkdir err /home/nucleus-h7/log/ Msg: No such file or directory
[:08-09_19-22-14][:00000040] mkdir err /home/nucleus-h7/log/dev_cs Msg: No such file or directory
[:08-09_19-22-14][:00000040] [INFO] pay service booted
[:08-09_19-22-14][:00000041] LAUNCH snlua pay 4
[:08-09_19-22-14][:00000041] mkdir err /home/nucleus-h7/log/ Msg: No such file or directory
[:08-09_19-22-14][:00000041] mkdir err /home/nucleus-h7/log/dev_cs Msg: No such file or directory
[:08-09_19-22-14][:00000041] [INFO] pay service booted
[:08-09_19-22-14][:00000042] LAUNCH snlua backendinfo
[:08-09_19-22-14][:00000042] mkdir err /home/nucleus-h7/log/ Msg: No such file or directory
[:08-09_19-22-14][:00000042] mkdir err /home/nucleus-h7/log/dev_cs Msg: No such file or directory
[:08-09_19-22-14][:00000042] [INFO] backendinfo service booted
[:08-09_19-22-14][:00000043] LAUNCH snlua merger
[:08-09_19-22-14][:00000043] mkdir err /home/nucleus-h7/log/ Msg: No such file or directory
[:08-09_19-22-14][:00000043] mkdir err /home/nucleus-h7/log/dev_cs Msg: No such file or directory
[:08-09_19-22-14][:00000043] [INFO] merger service booted
[:08-09_19-22-14][:00000008] [INFO] cs all service booted
[:08-09_19-22-14][:00000008] KILL self
[:08-09_19-22-14][:00000002] KILL self
