[:08-09_20-16-00][:00000001] LAUNCH logger log/gs.log
[:08-09_20-16-00][:00000002] LAUNCH snlua bootstrap
[:08-09_20-16-00][:00000003] LAUNCH snlua launcher
[:08-09_20-16-00][:00000004] LAUNCH snlua cdummy
[:08-09_20-16-00][:00000005] LAUNCH harbor 0 4
[:08-09_20-16-00][:00000006] LAUNCH snlua datacenterd
[:08-09_20-16-00][:00000007] LAUNCH snlua service_mgr
[:08-09_20-16-00][:00000008] LAUNCH snlua gs_launcher
[:08-09_20-16-00][:00000008] [INFO] gs start
[:08-09_20-16-00][:00000009] LAUNCH snlua debug_console 7001
[:08-09_20-16-00][:00000009] Start debug console at 127.0.0.1 7001
[:08-09_20-16-00][:0000000a] LAUNCH snlua res
[:08-09_20-16-00][:0000000b] LAUNCH snlua sharedatad
[:08-09_20-16-00][:0000000b] Memory warning 32.00 M
[:08-09_20-16-01][:0000000a] [INFO] res service booted
[:08-09_20-16-01][:0000000c] LAUNCH snlua rt_monitor
[:08-09_20-16-01][:0000000c] [INFO] rt_monitor service booted
[:08-09_20-16-01][:0000000d] LAUNCH snlua mem_monitor
[:08-09_20-16-01][:0000000d] [INFO] mem_monitor service booted
[:08-09_20-16-01][:0000000e] LAUNCH snlua mem_rt_monitor
[:08-09_20-16-01][:0000000e] [INFO] mem_rt_monitor service booted
[:08-09_20-16-01][:0000000f] LAUNCH snlua dictator
[:08-09_20-16-01][:0000000f] start dictator at 127.0.0.1 7002
[:08-09_20-16-01][:0000000f] [INFO] dictator service booted
[:08-09_20-16-01][:00000010] LAUNCH snlua router_c
[:08-09_20-16-01][:00000010] [INFO] router_c service booted
[:08-09_20-16-01][:00000011] LAUNCH snlua webrouter
[:08-09_20-16-01][:00000012] LAUNCH snlua webhandler
[:08-09_20-16-01][:00000012] [INFO] webhandler service booted
[:08-09_20-16-01][:00000013] LAUNCH snlua webhandler
[:08-09_20-16-01][:00000013] [INFO] webhandler service booted
[:08-09_20-16-01][:00000014] LAUNCH snlua webhandler
[:08-09_20-16-01][:00000014] [INFO] webhandler service booted
[:08-09_20-16-01][:00000015] LAUNCH snlua webhandler
[:08-09_20-16-01][:00000015] [INFO] webhandler service booted
[:08-09_20-16-01][:00000016] LAUNCH snlua webhandler
[:08-09_20-16-01][:00000016] [INFO] webhandler service booted
[:08-09_20-16-01][:00000017] LAUNCH snlua webhandler
[:08-09_20-16-01][:00000017] [INFO] webhandler service booted
[:08-09_20-16-01][:00000018] LAUNCH snlua webhandler
[:08-09_20-16-01][:00000018] [INFO] webhandler service booted
[:08-09_20-16-01][:00000019] LAUNCH snlua webhandler
[:08-09_20-16-01][:00000019] [INFO] webhandler service booted
[:08-09_20-16-01][:0000001a] LAUNCH snlua webhandler
[:08-09_20-16-01][:0000001a] [INFO] webhandler service booted
[:08-09_20-16-01][:0000001b] LAUNCH snlua webhandler
[:08-09_20-16-01][:0000001b] [INFO] webhandler service booted
[:08-09_20-16-01][:00000011] [INFO] webrouter listen web port 7003
[:08-09_20-16-01][:00000011] [INFO] webrouter service booted
[:08-09_20-16-01][:0000001c] LAUNCH snlua gamedb 1
[:08-09_20-16-01][:0000001c] [INFO] gamedb service booted
[:08-09_20-16-01][:0000001d] LAUNCH snlua gamedb 2
[:08-09_20-16-01][:0000001d] [INFO] gamedb service booted
[:08-09_20-16-01][:0000001e] LAUNCH snlua gamedb 3
[:08-09_20-16-01][:0000001e] [INFO] gamedb service booted
[:08-09_20-16-01][:0000001f] LAUNCH snlua gamedb 4
[:08-09_20-16-01][:0000001f] [INFO] gamedb service booted
[:08-09_20-16-01][:00000020] LAUNCH snlua login
[:08-09_20-16-01][:00000021] LAUNCH zinc_gate S :00000020 7011 13 10000 -2271245531232191831
[:08-09_20-16-01][:00000022] LAUNCH zinc_gate S :00000020 7012 13 10000 -2271245531232191831
[:08-09_20-16-01][:00000023] LAUNCH zinc_gate S :00000020 27011 13 10000 -2271245531232191831
[:08-09_20-16-01][:00000024] LAUNCH zinc_gate S :00000020 27012 13 10000 -2271245531232191831
[:08-09_20-16-01][:00000025] LAUNCH zinc_gate S :00000020 27013 13 10000 -2271245531232191831
[:08-09_20-16-01][:00000020] [INFO] login service booted
[:08-09_20-16-01][:00000026] LAUNCH snlua logdb
[:08-09_20-16-01][:00000026] [INFO] logdb service booted
[:08-09_20-16-01][:00000027] LAUNCH snlua logstatistics
[:08-09_20-16-01][:00000027] [INFO] logstatistics service booted
[:08-09_20-16-01][:00000028] LAUNCH snlua broadcast
[:08-09_20-16-01][:00000028] [INFO] broadcast service booted
[:08-09_20-16-01][:00000029] LAUNCH snlua clientupdate
[:08-09_20-16-01][:00000029] [INFO] clientupdate service booted
[:08-09_20-16-01][:0000002a] LAUNCH snlua logfile
[:08-09_20-16-01][:0000002a] [INFO] logfile service booted
[:08-09_20-16-01][:0000002b] LAUNCH snlua logmonitor
[:08-09_20-16-01][:0000002b] [INFO] logmonitor service booted
[:08-09_20-16-01][:0000002c] LAUNCH snlua world
[:08-09_20-16-01][:0000002c] [INFO] world service booted
[:08-09_20-16-01][:0000002d] LAUNCH snlua testclient
[:08-09_20-16-01][:0000002e] LAUNCH snlua scene
[:08-09_20-16-01][:0000002d] [INFO] testclient service booted
[:08-09_20-16-01][:0000002f] LAUNCH snlua merger
[:08-09_20-16-01][:0000002e] [INFO] scene service booted
[:08-09_20-16-01][:00000030] LAUNCH snlua scene
[:08-09_20-16-01][:0000002f] [INFO] merger service booted
[:08-09_20-16-01][:00000031] LAUNCH snlua chat
[:08-09_20-16-01][:00000030] [INFO] scene service booted
[:08-09_20-16-01][:00000032] LAUNCH snlua scene
[:08-09_20-16-01][:00000031] [INFO] chat service booted
[:08-09_20-16-01][:00000008] [INFO] gs all service booted
[:08-09_20-16-01][:00000008] KILL self
[:08-09_20-16-01][:00000002] KILL self
[:08-09_20-16-01][:00000032] [INFO] scene service booted
[:08-09_20-16-01][:00000033] LAUNCH snlua scene
[:08-09_20-16-01][:00000033] [INFO] scene service booted
[:08-09_20-16-01][:00000034] LAUNCH snlua scene
[:08-09_20-16-01][:00000034] [INFO] scene service booted
[:08-09_20-16-01][:00000035] LAUNCH snlua scene
[:08-09_20-16-01][:00000035] [INFO] scene service booted
[:08-09_20-16-01][:00000036] LAUNCH snlua scene
[:08-09_20-16-01][:00000036] [INFO] scene service booted
[:08-09_20-16-01][:00000037] LAUNCH snlua scene
[:08-09_20-16-01][:00000037] [INFO] scene service booted
[:08-09_20-16-01][:00000038] LAUNCH snlua scene
[:08-09_20-16-01][:00000038] [INFO] scene service booted
[:08-09_20-16-01][:00000039] LAUNCH snlua scene
[:08-09_20-16-02][:00000039] [INFO] scene service booted
[:08-09_20-16-02][:0000003a] LAUNCH snlua scene
[:08-09_20-16-02][:0000003a] [INFO] scene service booted
[:08-09_20-16-02][:0000003b] LAUNCH snlua scene
[:08-09_20-16-02][:0000003b] [INFO] scene service booted
[:08-09_20-16-02][:0000003c] LAUNCH snlua scene
[:08-09_20-16-02][:0000003c] [INFO] scene service booted
[:08-09_20-16-02][:0000003d] LAUNCH snlua scene
[:08-09_20-16-02][:0000003d] [INFO] scene service booted
[:08-09_20-16-02][:0000003e] LAUNCH snlua scene
[:08-09_20-16-02][:0000003e] [INFO] scene service booted
[:08-09_20-16-02][:0000003f] LAUNCH snlua war
[:08-09_20-16-02][:0000003f] [INFO] war service booted
[:08-09_20-16-02][:00000040] LAUNCH snlua war
[:08-09_20-16-02][:00000040] [INFO] war service booted
[:08-09_20-16-02][:00000042] LAUNCH snlua war
[:08-09_20-16-02][:00000042] [INFO] war service booted
[:08-09_20-16-02][:00000048] LAUNCH snlua war
[:08-09_20-16-02][:00000048] [INFO] war service booted
[:08-09_20-16-02][:00000049] LAUNCH snlua war
[:08-09_20-16-02][:00000049] [INFO] war service booted
[:08-09_20-16-02][:0000004a] LAUNCH snlua war
[:08-09_20-16-02][:0000004a] [INFO] war service booted
[:08-09_20-16-02][:0000004b] LAUNCH snlua war
[:08-09_20-16-02][:0000004b] [INFO] war service booted
[:08-09_20-16-02][:0000004c] LAUNCH snlua war
[:08-09_20-16-02][:0000004c] [INFO] war service booted
[:08-09_20-16-02][:0000004d] LAUNCH snlua war
[:08-09_20-16-02][:0000004d] [INFO] war service booted
[:08-09_20-16-02][:0000004e] LAUNCH snlua war
[:08-09_20-16-02][:0000004e] [INFO] war service booted
[:08-09_20-16-02][:0000004f] LAUNCH snlua war
[:08-09_20-16-02][:0000004f] [INFO] war service booted
[:08-09_20-16-02][:00000050] LAUNCH snlua war
[:08-09_20-16-02][:00000050] [INFO] war service booted
[:08-09_20-16-02][:00000051] LAUNCH snlua war
[:08-09_20-16-02][:00000051] [INFO] war service booted
[:08-09_20-16-02][:00000052] LAUNCH snlua war
[:08-09_20-16-02][:00000052] [INFO] war service booted
[:08-09_20-16-02][:00000053] LAUNCH snlua war
[:08-09_20-16-02][:00000053] [INFO] war service booted
[:08-09_20-16-02][:00000054] LAUNCH snlua player_send_proxy 1
[:08-09_20-16-02][:00000054] [INFO] player_send_proxy service booted
[:08-09_20-16-02][:00000055] LAUNCH snlua player_send_proxy 2
[:08-09_20-16-02][:00000055] [INFO] player_send_proxy service booted
[:08-09_20-16-02][:00000056] LAUNCH snlua player_send_proxy 3
[:08-09_20-16-02][:00000056] [INFO] player_send_proxy service booted
[:08-09_20-16-02][:00000057] LAUNCH snlua player_send_proxy 4
[:08-09_20-16-02][:00000057] [INFO] player_send_proxy service booted
[:08-09_20-16-02][:00000058] LAUNCH snlua player_send_proxy 5
[:08-09_20-16-02][:00000058] [INFO] player_send_proxy service booted
[:08-09_20-16-02][:00000059] LAUNCH snlua player_send_proxy 6
[:08-09_20-16-02][:00000059] [INFO] player_send_proxy service booted
[:08-09_20-16-02][:0000005a] LAUNCH snlua player_send_proxy 7
[:08-09_20-16-02][:0000005a] [INFO] player_send_proxy service booted
[:08-09_20-16-02][:0000005b] LAUNCH snlua player_send_proxy 8
[:08-09_20-16-02][:0000005b] [INFO] player_send_proxy service booted
[:08-09_20-16-02][:0000005c] LAUNCH snlua player_send_proxy 9
[:08-09_20-16-02][:0000005c] [INFO] player_send_proxy service booted
[:08-09_20-16-02][:0000005d] LAUNCH snlua player_send_proxy 10
[:08-09_20-16-02][:0000005d] [INFO] player_send_proxy service booted
[:08-09_20-16-02][:0000005e] LAUNCH snlua autoteam
[:08-09_20-16-02][:0000005e] [INFO] autoteam service booted
[:08-09_20-16-02][:0000005f] LAUNCH snlua recommend
[:08-09_20-16-02][:0000005f] [INFO] recommend service booted
[:08-09_20-16-02][:00000060] LAUNCH snlua rank
[:08-09_20-16-02][:00000060] [INFO] rank service booted
[:08-09_20-16-02][:00000061] LAUNCH snlua version
[:08-09_20-16-02][:00000061] [INFO] version service booted
[:08-09_20-16-02][:00000062] LAUNCH snlua net_recv_proxy 44 handlenrp
[:08-09_20-16-02][:00000020] gate SetOpenStatus: 1
[:08-09_20-16-02][:00000062] [INFO] net_recv_proxy service booted
[:08-09_20-16-12][:00000009] 25 connected
[:08-09_20-16-12][:00000009] 25 disconnected
[:08-09_20-16-23][:00000020] [string "service/login/gateobj.lua"]:319: attempt to concatenate a boolean value
stack traceback:
	./lualib/base/commonop.lua:150: in metamethod '__concat'
	[string "service/login/gateobj.lua"]:319: in method '_LoginAccount1'
	[string "service/login/gateobj.lua"]:294: in method 'LoginAccount'
	[string "service/login/netcmd/login.lua"]:33: in function <[string "service/login/netcmd/login.lua"]:27>
	(...tail calls...)
	./lualib/base/rt_monitor.lua:21: in function 'base.rt_monitor.mo_call'
	./lualib/base/net.lua:66: in function <./lualib/base/net.lua:65>
	[C]: in function 'xpcall'
	./lualib/base/commonop.lua:154: in function 'safe_call'
	./lualib/base/net.lua:65: in upvalue 'f'
	./skynet/lualib/skynet.lua:112: in function <./skynet/lualib/skynet.lua:106>
